#
# A fatal error has been detected by the Java Runtime Environment:
#
#  EXCEPTION_ACCESS_VIOLATION (0xc0000005) at pc=0x00000000025ce2d2, pid=972, tid=0x0000000000002b1c
#
# JRE version: OpenJDK Runtime Environment (8.0_152-b01) (build 1.8.0_152-release-915-b01)
# Java VM: OpenJDK 64-Bit Server VM (25.152-b01 mixed mode windows-amd64 compressed oops)
# Problematic frame:
# J 8499 C2 com.sun.org.apache.xerces.internal.impl.XMLEntityScanner.skipString(Ljava/lang/String;)Z (122 bytes) @ 0x00000000025ce2d2 [0x00000000025ce180+0x152]
#
# Failed to write core dump. Minidumps are not enabled by default on client versions of Windows
#
# If you would like to submit a bug report, please visit:
#   http://bugreport.java.com/bugreport/crash.jsp
#

---------------  T H R E A D  ---------------

Current thread (0x0000000018f50800):  JavaThread "Daemon worker Thread 25" [_thread_in_Java, id=11036, stack(0x000000001a3e0000,0x000000001a4e0000)]

siginfo: ExceptionCode=0xc0000005, writing address 0x0000000000001175

Registers:
RAX=0x00000000e95e5170, RBX=0x00000000e95e0460, RCX=0x0000000000001175, RDX=0x0000000000000063
RSP=0x000000001a4dade0, RBP=0x00000000e7ea4228, RSI=0x000000000000001f, RDI=0x0000000000001174
R8 =0x00000000e964dbe0, R9 =0x00000000ffffffff, R10=0x0000000000001175, R11=0x0000000000001194
R12=0x0000000000000000, R13=0x0000000000002000, R14=0x0000000000000063, R15=0x0000000018f50800
RIP=0x00000000025ce2d2, EFLAGS=0x0000000000010202

Top of Stack: (sp=0x000000001a4dade0)
0x000000001a4dade0:   e95e58a8e95e5e60 0000001fe95e5460
0x000000001a4dadf0:   00000000e964dbc8 00000000e95e0460
0x000000001a4dae00:   00000000e95e0460 0000000000000137
0x000000001a4dae10:   000000000000000b 0000000002d88360
0x000000001a4dae20:   00000000e95e5e08 0000000003189c60
0x000000001a4dae30:   0000834dd2bfc067 00000000060047d4
0x000000001a4dae40:   e7ea422800000004 00000000000000d1
0x000000001a4dae50:   00000000e95e5e08 e95e54602008b2cb
0x000000001a4dae60:   00000000e95e5460 e964dbc8e95e58a8
0x000000001a4dae70:   00000000e95e58a8 000000000217c849
0x000000001a4dae80:   00000000e95dee20 000000002008af53
0x000000001a4dae90:   00000000000000dd 000000000000003a
0x000000001a4daea0:   00000000e95e5460 00000000025ad640
0x000000001a4daeb0:   00000001e95e3ac0 00000000a09e3a20
0x000000001a4daec0:   00000000a0003318 000000002008a481
0x000000001a4daed0:   2008af5300000001 00000000e95e5460 

Instructions: (pc=0x00000000025ce2d2)
0x00000000025ce2b2:   44 3b f2 75 bd 8b f9 ff cf 85 05 3f 1d 7c ff 41
0x00000000025ce2c2:   3b ca 75 ba 44 89 58 18 44 0f b6 43 18 44 8b 58
0x00000000025ce2d2:   24 44 03 5c 24 0c 44 89 58 24 45 85 c0 75 0c 0f
0x00000000025ce2e2:   b6 68 3e 85 ed 0f 85 30 01 00 00 b8 01 00 00 00 


Register to memory mapping:

RAX=0x00000000e95e5170 is an oop
com.sun.xml.internal.stream.Entity$ScannedEntity 
 - klass: 'com/sun/xml/internal/stream/Entity$ScannedEntity'
RBX=0x00000000e95e0460 is an oop
com.sun.org.apache.xerces.internal.impl.XMLEntityScanner 
 - klass: 'com/sun/org/apache/xerces/internal/impl/XMLEntityScanner'
RCX=0x0000000000001175 is an unknown value
RDX=0x0000000000000063 is an unknown value
RSP=0x000000001a4dade0 is pointing into the stack for thread: 0x0000000018f50800
RBP=0x00000000e7ea4228 is an oop
[C 
 - klass: {type array char}
 - length: 8192
RSI=0x000000000000001f is an unknown value
RDI=0x0000000000001174 is an unknown value
R8 =0x00000000e964dbe0 is an oop
[C 
 - klass: {type array char}
 - length: 31
R9 =0x00000000ffffffff is an unallocated location in the heap
R10=0x0000000000001175 is an unknown value
R11=0x0000000000001194 is an unknown value
R12=0x0000000000000000 is an unknown value
R13=0x0000000000002000 is an unknown value
R14=0x0000000000000063 is an unknown value
R15=0x0000000018f50800 is a thread


Stack: [0x000000001a3e0000,0x000000001a4e0000],  sp=0x000000001a4dade0,  free space=1003k
Native frames: (J=compiled Java code, j=interpreted, Vv=VM code, C=native code)
C  0x00000000025ce2d2


---------------  P R O C E S S  ---------------

Java Threads: ( => current thread )
  0x0000000018f52000 JavaThread "Cache worker for Artifact transforms cache (C:\Users\Bahar\.gradle\caches\transforms-1)" [_thread_blocked, id=152, stack(0x000000001fc00000,0x000000001fd00000)]
  0x0000000018f53800 JavaThread "Cache worker for file hash cache (C:\Users\Bahar\AndroidStudioProjects\Helios\.gradle\4.1\fileHashes)" [_thread_blocked, id=4196, stack(0x000000001fb00000,0x000000001fc00000)]
  0x0000000018f4e000 JavaThread "Stdin handler" [_thread_blocked, id=1040, stack(0x000000001f3a0000,0x000000001f4a0000)]
  0x0000000018f51000 JavaThread "Asynchronous log dispatcher for DefaultDaemonConnection: socket connection from /127.0.0.1:55880 to /127.0.0.1:58394" [_thread_blocked, id=8780, stack(0x000000001b8b0000,0x000000001b9b0000)]
=>0x0000000018f50800 JavaThread "Daemon worker Thread 25" [_thread_in_Java, id=11036, stack(0x000000001a3e0000,0x000000001a4e0000)]
  0x0000000018f4c800 JavaThread "Cancel handler" [_thread_blocked, id=4396, stack(0x000000001a2e0000,0x000000001a3e0000)]
  0x0000000018f4f800 JavaThread "Handler for socket connection from /127.0.0.1:55880 to /127.0.0.1:58394" [_thread_in_native, id=4448, stack(0x000000001a1e0000,0x000000001a2e0000)]
  0x0000000018f4b800 JavaThread "Daemon Thread 25" [_thread_blocked, id=13060, stack(0x0000000019ce0000,0x0000000019de0000)]
  0x000000001b377800 JavaThread "pool-70-thread-3" [_thread_blocked, id=13284, stack(0x0000000025840000,0x0000000025940000)]
  0x0000000019052800 JavaThread "pool-70-thread-2" [_thread_blocked, id=5808, stack(0x0000000025440000,0x0000000025540000)]
  0x000000001905d800 JavaThread "pool-70-thread-1" [_thread_blocked, id=1768, stack(0x0000000025540000,0x0000000025640000)]
  0x000000001b378000 JavaThread "Memory manager" [_thread_blocked, id=9716, stack(0x0000000020500000,0x0000000020600000)]
  0x000000001a4e0800 JavaThread "File lock request listener" [_thread_in_native, id=8292, stack(0x000000001b5b0000,0x000000001b6b0000)]
  0x0000000018e94000 JavaThread "Cache worker for file hash cache (C:\Users\Bahar\.gradle\caches\4.1\fileHashes)" [_thread_blocked, id=9560, stack(0x000000001b4b0000,0x000000001b5b0000)]
  0x0000000018445800 JavaThread "Daemon periodic checks" [_thread_blocked, id=10268, stack(0x0000000019be0000,0x0000000019ce0000)]
  0x0000000018444800 JavaThread "Incoming local TCP Connector on port 55880" [_thread_in_native, id=5860, stack(0x00000000196f0000,0x00000000197f0000)]
  0x0000000017452000 JavaThread "Service Thread" daemon [_thread_blocked, id=12316, stack(0x0000000017840000,0x0000000017940000)]
  0x0000000015ad2800 JavaThread "C1 CompilerThread2" daemon [_thread_blocked, id=10440, stack(0x0000000017340000,0x0000000017440000)]
  0x0000000015acd800 JavaThread "C2 CompilerThread1" daemon [_thread_in_native, id=11716, stack(0x0000000017240000,0x0000000017340000)]
  0x0000000015a7c000 JavaThread "C2 CompilerThread0" daemon [_thread_blocked, id=8644, stack(0x0000000017140000,0x0000000017240000)]
  0x0000000015a7a800 JavaThread "Attach Listener" daemon [_thread_blocked, id=2324, stack(0x0000000017040000,0x0000000017140000)]
  0x0000000015a79800 JavaThread "Signal Dispatcher" daemon [_thread_blocked, id=9080, stack(0x0000000016f40000,0x0000000017040000)]
  0x000000000210c000 JavaThread "Finalizer" daemon [_thread_blocked, id=4108, stack(0x0000000016cd0000,0x0000000016dd0000)]
  0x0000000002101000 JavaThread "Reference Handler" daemon [_thread_blocked, id=11736, stack(0x0000000016bd0000,0x0000000016cd0000)]
  0x0000000001e2d800 JavaThread "main" [_thread_blocked, id=11432, stack(0x0000000001f10000,0x0000000002010000)]

Other Threads:
  0x0000000015a45800 VMThread [stack: 0x0000000016ad0000,0x0000000016bd0000] [id=5484]
  0x0000000017453000 WatcherThread [stack: 0x0000000017940000,0x0000000017a40000] [id=8928]

VM state:not at safepoint (normal execution)

VM Mutex/Monitor currently owned by a thread: None

Heap:
 PSYoungGen      total 317440K, used 163847K [0x00000000e0000000, 0x00000000f6a80000, 0x0000000100000000)
  eden space 268800K, 57% used [0x00000000e0000000,0x00000000e967deb0,0x00000000f0680000)
  from space 48640K, 20% used [0x00000000f3b00000,0x00000000f4483ff8,0x00000000f6a80000)
  to   space 51200K, 0% used [0x00000000f0680000,0x00000000f0680000,0x00000000f3880000)
 ParOldGen       total 250880K, used 56114K [0x00000000a0000000, 0x00000000af500000, 0x00000000e0000000)
  object space 250880K, 22% used [0x00000000a0000000,0x00000000a36cc820,0x00000000af500000)
 Metaspace       used 90847K, capacity 99786K, committed 100372K, reserved 1136640K
  class space    used 11301K, capacity 13424K, committed 13588K, reserved 1048576K

Card table byte_map: [0x00000000114d0000,0x00000000117e0000] byte_map_base: 0x0000000010fd0000

Marking Bits: (ParMarkBitMap*) 0x0000000064143950
 Begin Bits: [0x0000000011de0000, 0x00000000135e0000)
 End Bits:   [0x00000000135e0000, 0x0000000014de0000)

Polling page: 0x0000000001d90000

CodeCache: size=245760Kb used=77916Kb max_used=77982Kb free=167843Kb
 bounds [0x0000000002110000, 0x0000000006df0000, 0x0000000011110000]
 total_blobs=22088 nmethods=21206 adapters=793
 compilation: enabled

Compilation events (10 events):
Event: 10945.041 Thread 0x0000000015a7c000 28348       4       com.sun.org.apache.xerces.internal.impl.XMLDocumentScannerImpl$ContentDriver::scanRootElementHook (37 bytes)
Event: 10945.044 Thread 0x0000000015a7c000 nmethod 28348 0x00000000056c6550 code [0x00000000056c66a0, 0x00000000056c6768]
Event: 10945.073 Thread 0x0000000015a7c000 28349       4       org.gradle.api.internal.artifacts.ivyservice.ivyresolve.parser.PomReader$PomDependencyMgtElement::getVersion (19 bytes)
Event: 10945.081 Thread 0x0000000015a7c000 nmethod 28349 0x00000000058462d0 code [0x0000000005846460, 0x00000000058467d0]
Event: 10945.081 Thread 0x0000000015a7c000 28350       4       org.gradle.api.internal.artifacts.ivyservice.resolutionstrategy.ModuleForcingResolveRule::execute (103 bytes)
Event: 10945.082 Thread 0x0000000015a7c000 nmethod 28350 0x00000000029e18d0 code [0x00000000029e1a00, 0x00000000029e1a78]
Event: 10945.112 Thread 0x0000000015a7c000 28351       4       com.sun.org.apache.xerces.internal.impl.dtd.XMLDTDValidator::endDocument (18 bytes)
Event: 10945.114 Thread 0x0000000015a7c000 nmethod 28351 0x00000000056c6150 code [0x00000000056c62a0, 0x00000000056c63b8]
Event: 10945.114 Thread 0x0000000015a7c000 28352       4       com.sun.org.apache.xerces.internal.dom.DeferredDocumentTypeImpl::synchronizeData (68 bytes)
Event: 10945.133 Thread 0x0000000015a7c000 nmethod 28352 0x0000000002c02b10 code [0x0000000002c02cc0, 0x0000000002c03698]

GC Heap History (10 events):
Event: 10042.333 GC heap before
{Heap before GC invocations=52 (full 4):
 PSYoungGen      total 308224K, used 261505K [0x00000000e0000000, 0x00000000f6d00000, 0x0000000100000000)
  eden space 249344K, 100% used [0x00000000e0000000,0x00000000ef380000,0x00000000ef380000)
  from space 58880K, 20% used [0x00000000ef380000,0x00000000eff607b0,0x00000000f2d00000)
  to   space 56832K, 0% used [0x00000000f3580000,0x00000000f3580000,0x00000000f6d00000)
 ParOldGen       total 250880K, used 53200K [0x00000000a0000000, 0x00000000af500000, 0x00000000e0000000)
  object space 250880K, 21% used [0x00000000a0000000,0x00000000a33f4028,0x00000000af500000)
 Metaspace       used 90080K, capacity 98258K, committed 99148K, reserved 1134592K
  class space    used 11197K, capacity 13098K, committed 13332K, reserved 1048576K
Event: 10042.389 GC heap after
Heap after GC invocations=52 (full 4):
 PSYoungGen      total 308736K, used 14453K [0x00000000e0000000, 0x00000000f6680000, 0x0000000100000000)
  eden space 258560K, 0% used [0x00000000e0000000,0x00000000e0000000,0x00000000efc80000)
  from space 50176K, 28% used [0x00000000f3580000,0x00000000f439d6b0,0x00000000f6680000)
  to   space 54272K, 0% used [0x00000000efc80000,0x00000000efc80000,0x00000000f3180000)
 ParOldGen       total 250880K, used 53208K [0x00000000a0000000, 0x00000000af500000, 0x00000000e0000000)
  object space 250880K, 21% used [0x00000000a0000000,0x00000000a33f6028,0x00000000af500000)
 Metaspace       used 90080K, capacity 98258K, committed 99148K, reserved 1134592K
  class space    used 11197K, capacity 13098K, committed 13332K, reserved 1048576K
}
Event: 10275.823 GC heap before
{Heap before GC invocations=53 (full 4):
 PSYoungGen      total 308736K, used 273013K [0x00000000e0000000, 0x00000000f6680000, 0x0000000100000000)
  eden space 258560K, 100% used [0x00000000e0000000,0x00000000efc80000,0x00000000efc80000)
  from space 50176K, 28% used [0x00000000f3580000,0x00000000f439d6b0,0x00000000f6680000)
  to   space 54272K, 0% used [0x00000000efc80000,0x00000000efc80000,0x00000000f3180000)
 ParOldGen       total 250880K, used 53208K [0x00000000a0000000, 0x00000000af500000, 0x00000000e0000000)
  object space 250880K, 21% used [0x00000000a0000000,0x00000000a33f6028,0x00000000af500000)
 Metaspace       used 90255K, capacity 98644K, committed 99476K, reserved 1134592K
  class space    used 11220K, capacity 13179K, committed 13460K, reserved 1048576K
Event: 10276.014 GC heap after
Heap after GC invocations=53 (full 4):
 PSYoungGen      total 312832K, used 8665K [0x00000000e0000000, 0x00000000f6c00000, 0x0000000100000000)
  eden space 258560K, 0% used [0x00000000e0000000,0x00000000e0000000,0x00000000efc80000)
  from space 54272K, 15% used [0x00000000efc80000,0x00000000f04f64b0,0x00000000f3180000)
  to   space 53248K, 0% used [0x00000000f3800000,0x00000000f3800000,0x00000000f6c00000)
 ParOldGen       total 250880K, used 53216K [0x00000000a0000000, 0x00000000af500000, 0x00000000e0000000)
  object space 250880K, 21% used [0x00000000a0000000,0x00000000a33f8028,0x00000000af500000)
 Metaspace       used 90255K, capacity 98644K, committed 99476K, reserved 1134592K
  class space    used 11220K, capacity 13179K, committed 13460K, reserved 1048576K
}
Event: 10431.198 GC heap before
{Heap before GC invocations=54 (full 4):
 PSYoungGen      total 312832K, used 267225K [0x00000000e0000000, 0x00000000f6c00000, 0x0000000100000000)
  eden space 258560K, 100% used [0x00000000e0000000,0x00000000efc80000,0x00000000efc80000)
  from space 54272K, 15% used [0x00000000efc80000,0x00000000f04f64b0,0x00000000f3180000)
  to   space 53248K, 0% used [0x00000000f3800000,0x00000000f3800000,0x00000000f6c00000)
 ParOldGen       total 250880K, used 53216K [0x00000000a0000000, 0x00000000af500000, 0x00000000e0000000)
  object space 250880K, 21% used [0x00000000a0000000,0x00000000a33f8028,0x00000000af500000)
 Metaspace       used 90504K, capacity 99028K, committed 99732K, reserved 1136640K
  class space    used 11254K, capacity 13261K, committed 13460K, reserved 1048576K
Event: 10431.216 GC heap after
Heap after GC invocations=54 (full 4):
 PSYoungGen      total 312320K, used 12272K [0x00000000e0000000, 0x00000000f6680000, 0x0000000100000000)
  eden space 264704K, 0% used [0x00000000e0000000,0x00000000e0000000,0x00000000f0280000)
  from space 47616K, 25% used [0x00000000f3800000,0x00000000f43fc0c0,0x00000000f6680000)
  to   space 51200K, 0% used [0x00000000f0280000,0x00000000f0280000,0x00000000f3480000)
 ParOldGen       total 250880K, used 53224K [0x00000000a0000000, 0x00000000af500000, 0x00000000e0000000)
  object space 250880K, 21% used [0x00000000a0000000,0x00000000a33fa028,0x00000000af500000)
 Metaspace       used 90504K, capacity 99028K, committed 99732K, reserved 1136640K
  class space    used 11254K, capacity 13261K, committed 13460K, reserved 1048576K
}
Event: 10682.635 GC heap before
{Heap before GC invocations=55 (full 4):
 PSYoungGen      total 312320K, used 276976K [0x00000000e0000000, 0x00000000f6680000, 0x0000000100000000)
  eden space 264704K, 100% used [0x00000000e0000000,0x00000000f0280000,0x00000000f0280000)
  from space 47616K, 25% used [0x00000000f3800000,0x00000000f43fc0c0,0x00000000f6680000)
  to   space 51200K, 0% used [0x00000000f0280000,0x00000000f0280000,0x00000000f3480000)
 ParOldGen       total 250880K, used 53224K [0x00000000a0000000, 0x00000000af500000, 0x00000000e0000000)
  object space 250880K, 21% used [0x00000000a0000000,0x00000000a33fa028,0x00000000af500000)
 Metaspace       used 90645K, capacity 99160K, committed 100116K, reserved 1136640K
  class space    used 11267K, capacity 13303K, committed 13588K, reserved 1048576K
Event: 10682.792 GC heap after
Heap after GC invocations=55 (full 4):
 PSYoungGen      total 315904K, used 32111K [0x00000000e0000000, 0x00000000f6e80000, 0x0000000100000000)
  eden space 264704K, 0% used [0x00000000e0000000,0x00000000e0000000,0x00000000f0280000)
  from space 51200K, 62% used [0x00000000f0280000,0x00000000f21dbc50,0x00000000f3480000)
  to   space 52736K, 0% used [0x00000000f3b00000,0x00000000f3b00000,0x00000000f6e80000)
 ParOldGen       total 250880K, used 55962K [0x00000000a0000000, 0x00000000af500000, 0x00000000e0000000)
  object space 250880K, 22% used [0x00000000a0000000,0x00000000a36a6ac8,0x00000000af500000)
 Metaspace       used 90645K, capacity 99160K, committed 100116K, reserved 1136640K
  class space    used 11267K, capacity 13303K, committed 13588K, reserved 1048576K
}
Event: 10864.679 GC heap before
{Heap before GC invocations=56 (full 4):
 PSYoungGen      total 315904K, used 296815K [0x00000000e0000000, 0x00000000f6e80000, 0x0000000100000000)
  eden space 264704K, 100% used [0x00000000e0000000,0x00000000f0280000,0x00000000f0280000)
  from space 51200K, 62% used [0x00000000f0280000,0x00000000f21dbc50,0x00000000f3480000)
  to   space 52736K, 0% used [0x00000000f3b00000,0x00000000f3b00000,0x00000000f6e80000)
 ParOldGen       total 250880K, used 55962K [0x00000000a0000000, 0x00000000af500000, 0x00000000e0000000)
  object space 250880K, 22% used [0x00000000a0000000,0x00000000a36a6ac8,0x00000000af500000)
 Metaspace       used 90788K, capacity 99666K, committed 100372K, reserved 1136640K
  class space    used 11290K, capacity 13384K, committed 13588K, reserved 1048576K
Event: 10864.713 GC heap after
Heap after GC invocations=56 (full 4):
 PSYoungGen      total 317440K, used 9743K [0x00000000e0000000, 0x00000000f6a80000, 0x0000000100000000)
  eden space 268800K, 0% used [0x00000000e0000000,0x00000000e0000000,0x00000000f0680000)
  from space 48640K, 20% used [0x00000000f3b00000,0x00000000f4483ff8,0x00000000f6a80000)
  to   space 51200K, 0% used [0x00000000f0680000,0x00000000f0680000,0x00000000f3880000)
 ParOldGen       total 250880K, used 56114K [0x00000000a0000000, 0x00000000af500000, 0x00000000e0000000)
  object space 250880K, 22% used [0x00000000a0000000,0x00000000a36cc820,0x00000000af500000)
 Metaspace       used 90788K, capacity 99666K, committed 100372K, reserved 1136640K
  class space    used 11290K, capacity 13384K, committed 13588K, reserved 1048576K
}

Deoptimization events (10 events):
Event: 10431.704 Thread 0x0000000019052800 Uncommon trap: reason=unstable_if action=reinterpret pc=0x00000000045fa52c method=java.util.Formatter.getZero(Ljava/util/Locale;)C @ 11
Event: 10681.065 Thread 0x0000000019052000 Uncommon trap: reason=unstable_if action=reinterpret pc=0x00000000066dedb0 method=com.sun.tools.javac.comp.Lower.access(Lcom/sun/tools/javac/code/Symbol;Lcom/sun/tools/javac/tree/JCTree$JCExpression;Lcom/sun/tools/javac/tree/JCTree$JCExpression;Z)Lcom/sun
Event: 10681.108 Thread 0x0000000019052000 Uncommon trap: reason=class_check action=maybe_recompile pc=0x000000000527738c method=com.sun.tools.javac.code.Symbol.isMemberOf(Lcom/sun/tools/javac/code/Symbol$TypeSymbol;Lcom/sun/tools/javac/code/Types;)Z @ 23
Event: 10681.109 Thread 0x0000000019052000 Uncommon trap: reason=class_check action=maybe_recompile pc=0x000000000527738c method=com.sun.tools.javac.code.Symbol.isMemberOf(Lcom/sun/tools/javac/code/Symbol$TypeSymbol;Lcom/sun/tools/javac/code/Types;)Z @ 23
Event: 10681.603 Thread 0x0000000018f58000 Uncommon trap: reason=unstable_if action=reinterpret pc=0x0000000006bb7c04 method=java.util.concurrent.locks.LockSupport.unpark(Ljava/lang/Thread;)V @ 1
Event: 10761.275 Thread 0x0000000019053800 Uncommon trap: reason=class_check action=maybe_recompile pc=0x000000000527738c method=com.sun.tools.javac.code.Symbol.isMemberOf(Lcom/sun/tools/javac/code/Symbol$TypeSymbol;Lcom/sun/tools/javac/code/Types;)Z @ 23
Event: 10761.304 Thread 0x0000000019053800 Uncommon trap: reason=class_check action=maybe_recompile pc=0x000000000527738c method=com.sun.tools.javac.code.Symbol.isMemberOf(Lcom/sun/tools/javac/code/Symbol$TypeSymbol;Lcom/sun/tools/javac/code/Types;)Z @ 23
Event: 10761.659 Thread 0x0000000018f54000 Uncommon trap: reason=unstable_if action=reinterpret pc=0x0000000003b54978 method=java.util.concurrent.ConcurrentHashMap.putVal(Ljava/lang/Object;Ljava/lang/Object;Z)Ljava/lang/Object; @ 113
Event: 10761.961 Thread 0x000000001b377800 Uncommon trap: reason=unstable_if action=reinterpret pc=0x000000000610bd44 method=com.android.dx.dex.code.form.Form35c.wordCount(Lcom/android/dx/rop/code/RegisterSpecList;)I @ 65
Event: 10761.964 Thread 0x000000001b377800 Uncommon trap: reason=bimorphic action=maybe_recompile pc=0x0000000004cf29ac method=java.util.concurrent.TimeUnit$1.convert(JLjava/util/concurrent/TimeUnit;)J @ 2

Classes redefined (0 events):
No events

Internal exceptions (10 events):
Event: 10758.516 Thread 0x0000000018f4c800 Exception <a 'java/lang/ClassNotFoundException': sync_local_repo12063_1bxk24nl1cr3lsj3rl11phbamBeanInfo> (0x00000000e34a4a48) thrown at [D:\src\AOSP-openjdk-cygwin\jdk8u\hotspot\src\share\vm\classfile\systemDictionary.cpp, line 210]
Event: 10758.516 Thread 0x0000000018f4c800 Exception <a 'java/lang/ClassNotFoundException': sync_local_repo12063_1bxk24nl1cr3lsj3rl11phbamCustomizer> (0x00000000e34af4f0) thrown at [D:\src\AOSP-openjdk-cygwin\jdk8u\hotspot\src\share\vm\classfile\systemDictionary.cpp, line 210]
Event: 10762.251 Thread 0x0000000018f4c800 Exception <a 'sun/nio/fs/WindowsException'> (0x00000000eb06fd90) thrown at [D:\src\AOSP-openjdk-cygwin\jdk8u\hotspot\src\share\vm\prims\jni.cpp, line 709]
Event: 10862.151 Thread 0x0000000018f4f800 Exception <a 'java/lang/ClassNotFoundException': sync_local_repo9117_2set40djzngih51k7mmtaer0nBeanInfo> (0x00000000eb61b9e0) thrown at [D:\src\AOSP-openjdk-cygwin\jdk8u\hotspot\src\share\vm\classfile\systemDictionary.cpp, line 210]
Event: 10862.152 Thread 0x0000000018f4f800 Exception <a 'java/lang/ClassNotFoundException': sync_local_repo9117_2set40djzngih51k7mmtaer0nCustomizer> (0x00000000eb6262d0) thrown at [D:\src\AOSP-openjdk-cygwin\jdk8u\hotspot\src\share\vm\classfile\systemDictionary.cpp, line 210]
Event: 10866.482 Thread 0x000000001b372000 Exception <a 'sun/nio/fs/WindowsException'> (0x00000000e3f06708) thrown at [D:\src\AOSP-openjdk-cygwin\jdk8u\hotspot\src\share\vm\prims\jni.cpp, line 709]
Event: 10866.591 Thread 0x000000001b373000 Exception <a 'sun/nio/fs/WindowsException'> (0x00000000e5ae4430) thrown at [D:\src\AOSP-openjdk-cygwin\jdk8u\hotspot\src\share\vm\prims\jni.cpp, line 709]
Event: 10867.337 Thread 0x0000000018f4f800 Exception <a 'sun/nio/fs/WindowsException'> (0x00000000e7685d20) thrown at [D:\src\AOSP-openjdk-cygwin\jdk8u\hotspot\src\share\vm\prims\jni.cpp, line 709]
Event: 10944.945 Thread 0x0000000018f50800 Exception <a 'java/lang/ClassNotFoundException': sync_local_repo3109_5ygmlktrhjncxpwv48bmpobuBeanInfo> (0x00000000e7cd4b30) thrown at [D:\src\AOSP-openjdk-cygwin\jdk8u\hotspot\src\share\vm\classfile\systemDictionary.cpp, line 210]
Event: 10944.946 Thread 0x0000000018f50800 Exception <a 'java/lang/ClassNotFoundException': sync_local_repo3109_5ygmlktrhjncxpwv48bmpobuCustomizer> (0x00000000e7cdf158) thrown at [D:\src\AOSP-openjdk-cygwin\jdk8u\hotspot\src\share\vm\classfile\systemDictionary.cpp, line 210]

Events (10 events):
Event: 10944.963 loading class groovy/runtime/metaclass/sync_local_repo3109_5ygmlktrhjncxpwv48bmpobu$_run_closure1$_closure2$_closure4MetaClass
Event: 10944.963 loading class groovy/runtime/metaclass/sync_local_repo3109_5ygmlktrhjncxpwv48bmpobu$_run_closure1$_closure2$_closure4MetaClass done
Event: 10944.968 loading class groovy/runtime/metaclass/sync_local_repo3109_5ygmlktrhjncxpwv48bmpobu$_run_closure1$_closure2$_closure4$_closure5MetaClass
Event: 10944.968 loading class groovy/runtime/metaclass/sync_local_repo3109_5ygmlktrhjncxpwv48bmpobu$_run_closure1$_closure2$_closure4$_closure5MetaClass done
Event: 10944.970 loading class groovy/runtime/metaclass/sync_local_repo3109_5ygmlktrhjncxpwv48bmpobu$_run_closure1$_closure3MetaClass
Event: 10944.970 loading class groovy/runtime/metaclass/sync_local_repo3109_5ygmlktrhjncxpwv48bmpobu$_run_closure1$_closure3MetaClass done
Event: 10944.972 loading class groovy/runtime/metaclass/sync_local_repo3109_5ygmlktrhjncxpwv48bmpobu$_run_closure1$_closure3$_closure6MetaClass
Event: 10944.972 loading class groovy/runtime/metaclass/sync_local_repo3109_5ygmlktrhjncxpwv48bmpobu$_run_closure1$_closure3$_closure6MetaClass done
Event: 10944.978 Thread 0x0000000018f52000 Thread added: 0x0000000018f52000
Event: 10945.048 Thread 0x0000000015a7c000 flushing nmethod 0x0000000006bc07d0


Dynamic libraries:
0x00007ff67a2c0000 - 0x00007ff67a2f1000 	C:\Program Files\Android\Android Studio\jre\bin\java.exe
0x00007ff97d280000 - 0x00007ff97d42c000 	C:\WINDOWS\SYSTEM32\ntdll.dll
0x00007ff97b010000 - 0x00007ff97b14e000 	C:\WINDOWS\system32\KERNEL32.DLL
0x00007ff97a6d0000 - 0x00007ff97a7e5000 	C:\WINDOWS\system32\KERNELBASE.dll
0x00007ff97bba0000 - 0x00007ff97bc4a000 	C:\WINDOWS\system32\ADVAPI32.dll
0x00007ff97b780000 - 0x00007ff97b8f7000 	C:\WINDOWS\system32\USER32.dll
0x00007ff977eb0000 - 0x00007ff97812b000 	C:\WINDOWS\WinSxS\amd64_microsoft.windows.common-controls_6595b64144ccf1df_6.0.9600.17415_none_6240486fecbd8abb\COMCTL32.dll
0x00007ff97bc50000 - 0x00007ff97bcfa000 	C:\WINDOWS\system32\msvcrt.dll
0x00007ff97a910000 - 0x00007ff97a969000 	C:\WINDOWS\SYSTEM32\sechost.dll
0x00007ff97ab60000 - 0x00007ff97aca1000 	C:\WINDOWS\system32\RPCRT4.dll
0x00007ff97b370000 - 0x00007ff97b4c1000 	C:\WINDOWS\system32\GDI32.dll
0x00007ff97aa40000 - 0x00007ff97aa76000 	C:\WINDOWS\system32\IMM32.DLL
0x00007ff97b4f0000 - 0x00007ff97b643000 	C:\WINDOWS\system32\MSCTF.dll
0x00000000638a0000 - 0x0000000063972000 	C:\Program Files\Android\Android Studio\jre\jre\bin\msvcr100.dll
0x0000000063980000 - 0x00000000641be000 	C:\Program Files\Android\Android Studio\jre\jre\bin\server\jvm.dll
0x00007ff971c50000 - 0x00007ff971c59000 	C:\WINDOWS\SYSTEM32\WSOCK32.dll
0x00007ff9758f0000 - 0x00007ff975912000 	C:\WINDOWS\SYSTEM32\WINMM.dll
0x00007ff974c80000 - 0x00007ff974c8a000 	C:\WINDOWS\SYSTEM32\VERSION.dll
0x00007ff97aa30000 - 0x00007ff97aa37000 	C:\WINDOWS\system32\PSAPI.DLL
0x00007ff97aa80000 - 0x00007ff97aada000 	C:\WINDOWS\system32\WS2_32.dll
0x00007ff9758c0000 - 0x00007ff9758ea000 	C:\WINDOWS\SYSTEM32\WINMMBASE.dll
0x00007ff97a900000 - 0x00007ff97a909000 	C:\WINDOWS\system32\NSI.dll
0x00007ff97a4a0000 - 0x00007ff97a4ef000 	C:\WINDOWS\SYSTEM32\cfgmgr32.dll
0x00007ff9791d0000 - 0x00007ff9791f8000 	C:\WINDOWS\SYSTEM32\DEVOBJ.dll
0x00007ff976b30000 - 0x00007ff976b3f000 	C:\Program Files\Android\Android Studio\jre\jre\bin\verify.dll
0x00007ff9757a0000 - 0x00007ff9757c9000 	C:\Program Files\Android\Android Studio\jre\jre\bin\java.dll
0x00007ff970d30000 - 0x00007ff970d46000 	C:\Program Files\Android\Android Studio\jre\jre\bin\zip.dll
0x00007ff97bd00000 - 0x00007ff97d218000 	C:\WINDOWS\system32\SHELL32.dll
0x00007ff97b150000 - 0x00007ff97b361000 	C:\WINDOWS\SYSTEM32\combase.dll
0x00007ff97d220000 - 0x00007ff97d274000 	C:\WINDOWS\system32\SHLWAPI.dll
0x00007ff978790000 - 0x00007ff978842000 	C:\WINDOWS\SYSTEM32\SHCORE.dll
0x00007ff97a3d0000 - 0x00007ff97a3e5000 	C:\WINDOWS\SYSTEM32\profapi.dll
0x00007ff970790000 - 0x00007ff9707aa000 	C:\Program Files\Android\Android Studio\jre\jre\bin\net.dll
0x00007ff979be0000 - 0x00007ff979c39000 	C:\WINDOWS\system32\mswsock.dll
0x00007ff96fa70000 - 0x00007ff96fa81000 	C:\Program Files\Android\Android Studio\jre\jre\bin\nio.dll
0x00007ff9687f0000 - 0x00007ff96880e000 	C:\Users\Bahar\.gradle\native\25\windows-amd64\native-platform.dll
0x00007ff970cb0000 - 0x00007ff970cbd000 	C:\Program Files\Android\Android Studio\jre\jre\bin\management.dll
0x00007ff979c40000 - 0x00007ff979c60000 	C:\WINDOWS\SYSTEM32\CRYPTSP.dll
0x00007ff979860000 - 0x00007ff979896000 	C:\WINDOWS\system32\rsaenh.dll
0x00007ff979e90000 - 0x00007ff979eb6000 	C:\WINDOWS\SYSTEM32\bcrypt.dll
0x00007ff979970000 - 0x00007ff979991000 	C:\WINDOWS\SYSTEM32\USERENV.dll
0x00007ff97a230000 - 0x00007ff97a293000 	C:\WINDOWS\system32\bcryptprimitives.dll
0x00007ff97a2a0000 - 0x00007ff97a2ab000 	C:\WINDOWS\SYSTEM32\CRYPTBASE.dll
0x00007ff975500000 - 0x00007ff97552a000 	C:\WINDOWS\SYSTEM32\IPHLPAPI.DLL
0x00007ff975490000 - 0x00007ff97549a000 	C:\WINDOWS\SYSTEM32\WINNSI.DLL
0x00007ff975110000 - 0x00007ff975126000 	C:\WINDOWS\SYSTEM32\dhcpcsvc6.DLL
0x00007ff975220000 - 0x00007ff97523a000 	C:\WINDOWS\SYSTEM32\dhcpcsvc.DLL
0x00007ff96d9e0000 - 0x00007ff96da04000 	C:\Program Files\Android\Android Studio\jre\jre\bin\sunec.dll
0x00007ff9799e0000 - 0x00007ff979a84000 	C:\WINDOWS\SYSTEM32\DNSAPI.dll
0x00007ff9714d0000 - 0x00007ff9714da000 	C:\Windows\System32\rasadhlp.dll
0x00007ff975140000 - 0x00007ff9751ab000 	C:\WINDOWS\System32\fwpuclnt.dll
0x00007ff970d10000 - 0x00007ff970d1b000 	C:\Program Files\Android\Android Studio\jre\jre\bin\sunmscapi.dll
0x00007ff97a4f0000 - 0x00007ff97a6cf000 	C:\WINDOWS\system32\CRYPT32.dll
0x00007ff97a480000 - 0x00007ff97a491000 	C:\WINDOWS\system32\MSASN1.dll
0x00007ff95c090000 - 0x00007ff95c21a000 	C:\WINDOWS\SYSTEM32\dbghelp.dll

VM Arguments:
jvm_args: -Xmx1536m -Dfile.encoding=windows-1252 -Duser.country=US -Duser.language=en -Duser.variant 
java_command: org.gradle.launcher.daemon.bootstrap.GradleDaemon 4.1
java_class_path (initial): C:\Users\Bahar\.gradle\wrapper\dists\gradle-4.1-all\bzyivzo6n839fup2jbap0tjew\gradle-4.1\lib\gradle-launcher-4.1.jar
Launcher Type: SUN_STANDARD

Environment Variables:
JAVA_HOME=full path Of "Java SE Development Kit
PATH=C:\ProgramData\Oracle\Java\javapath;C:\Program Files (x86)\Intel\iCLS Client\;C:\Program Files\Intel\iCLS Client\;C:\WINDOWS\system32;C:\WINDOWS;C:\WINDOWS\System32\Wbem;C:\WINDOWS\System32\WindowsPowerShell\v1.0\;C:\Program Files\Intel\Intel(R) Management Engine Components\DAL;C:\Program Files (x86)\Intel\Intel(R) Management Engine Components\DAL;C:\Program Files\Intel\Intel(R) Management Engine Components\IPT;C:\Program Files (x86)\Intel\Intel(R) Management Engine Components\IPT;C:\Program Files\Intel\WiFi\bin\;C:\Program Files\Common Files\Intel\WirelessCommon\;C:\Program Files (x86)\QuickTime\QTSystem\
USERNAME=Bahar
OS=Windows_NT
PROCESSOR_IDENTIFIER=Intel64 Family 6 Model 61 Stepping 4, GenuineIntel



---------------  S Y S T E M  ---------------

OS: Windows 8.1 , 64 bit Build 9600 (6.3.9600.17415)

CPU:total 4 (initial active 4) (2 cores per cpu, 2 threads per core) family 6 model 61 stepping 4, cmov, cx8, fxsr, mmx, sse, sse2, sse3, ssse3, sse4.1, sse4.2, popcnt, avx, avx2, aes, clmul, erms, 3dnowpref, lzcnt, ht, tsc, tscinvbit, bmi1, bmi2, adx

Memory: 4k page, physical 8301904k(1594428k free), swap 13544784k(3808760k free)

vm_info: OpenJDK 64-Bit Server VM (25.152-b01) for windows-amd64 JRE (1.8.0_152-release-915-b01), built by "builder" with MS VC++ 10.0 (VS2010)

time: Tue Jan 02 08:15:56 2018
elapsed time: 10945 seconds (0d 3h 2m 25s)

